{"C:\\Users\\Ira\\ElectronicVoting\\src\\auth\\auth.tsx": {"path":"C:\\Users\\Ira\\ElectronicVoting\\src\\auth\\auth.tsx","statementMap":{"0":{"start":{"line":1,"column":0},"end":{"line":1,"column":26}},"1":{"start":{"line":3,"column":16},"end":{"line":3,"column":50}},"2":{"start":{"line":5,"column":21},"end":{"line":21,"column":1}},"3":{"start":{"line":6,"column":4},"end":{"line":20,"column":5}},"4":{"start":{"line":7,"column":25},"end":{"line":7,"column":74}},"5":{"start":{"line":9,"column":46},"end":{"line":9,"column":65}},"6":{"start":{"line":10,"column":8},"end":{"line":14,"column":9}},"7":{"start":{"line":11,"column":12},"end":{"line":11,"column":65}},"8":{"start":{"line":12,"column":12},"end":{"line":12,"column":69}},"9":{"start":{"line":13,"column":12},"end":{"line":13,"column":76}},"10":{"start":{"line":16,"column":8},"end":{"line":16,"column":54}},"11":{"start":{"line":18,"column":8},"end":{"line":18,"column":50}},"12":{"start":{"line":19,"column":8},"end":{"line":19,"column":41}},"13":{"start":{"line":5,"column":13},"end":{"line":5,"column":21}},"14":{"start":{"line":25,"column":28},"end":{"line":47,"column":1}},"15":{"start":{"line":26,"column":4},"end":{"line":46,"column":5}},"16":{"start":{"line":27,"column":29},"end":{"line":27,"column":60}},"17":{"start":{"line":28,"column":8},"end":{"line":30,"column":9}},"18":{"start":{"line":29,"column":12},"end":{"line":29,"column":55}},"19":{"start":{"line":32,"column":25},"end":{"line":34,"column":10}},"20":{"start":{"line":36,"column":8},"end":{"line":40,"column":9}},"21":{"start":{"line":37,"column":12},"end":{"line":37,"column":85}},"22":{"start":{"line":38,"column":12},"end":{"line":38,"column":89}},"23":{"start":{"line":39,"column":12},"end":{"line":39,"column":24}},"24":{"start":{"line":41,"column":8},"end":{"line":41,"column":21}},"25":{"start":{"line":43,"column":8},"end":{"line":43,"column":62}},"26":{"start":{"line":44,"column":8},"end":{"line":44,"column":17}},"27":{"start":{"line":45,"column":8},"end":{"line":45,"column":21}},"28":{"start":{"line":25,"column":13},"end":{"line":25,"column":28}},"29":{"start":{"line":49,"column":22},"end":{"line":51,"column":1}},"30":{"start":{"line":50,"column":4},"end":{"line":50,"column":25}},"31":{"start":{"line":49,"column":13},"end":{"line":49,"column":22}},"32":{"start":{"line":54,"column":30},"end":{"line":56,"column":1}},"33":{"start":{"line":55,"column":4},"end":{"line":55,"column":53}},"34":{"start":{"line":54,"column":13},"end":{"line":54,"column":30}},"35":{"start":{"line":58,"column":29},"end":{"line":71,"column":1}},"36":{"start":{"line":59,"column":29},"end":{"line":59,"column":43}},"37":{"start":{"line":61,"column":4},"end":{"line":70,"column":25}},"38":{"start":{"line":62,"column":8},"end":{"line":69,"column":9}},"39":{"start":{"line":63,"column":28},"end":{"line":63,"column":48}},"40":{"start":{"line":64,"column":12},"end":{"line":66,"column":13}},"41":{"start":{"line":65,"column":16},"end":{"line":65,"column":59}},"42":{"start":{"line":68,"column":12},"end":{"line":68,"column":62}},"43":{"start":{"line":73,"column":0},"end":{"line":73,"column":23}}},"fnMap":{"0":{"name":"(anonymous_1)","decl":{"start":{"line":5,"column":21},"end":{"line":5,"column":26}},"loc":{"start":{"line":5,"column":66},"end":{"line":21,"column":1}}},"1":{"name":"(anonymous_2)","decl":{"start":{"line":25,"column":28},"end":{"line":25,"column":33}},"loc":{"start":{"line":25,"column":39},"end":{"line":47,"column":1}}},"2":{"name":"(anonymous_3)","decl":{"start":{"line":49,"column":22},"end":{"line":49,"column":25}},"loc":{"start":{"line":49,"column":27},"end":{"line":51,"column":1}}},"3":{"name":"(anonymous_4)","decl":{"start":{"line":54,"column":30},"end":{"line":54,"column":33}},"loc":{"start":{"line":54,"column":35},"end":{"line":56,"column":1}}},"4":{"name":"(anonymous_5)","decl":{"start":{"line":58,"column":29},"end":{"line":58,"column":32}},"loc":{"start":{"line":58,"column":34},"end":{"line":71,"column":1}}},"5":{"name":"(anonymous_6)","decl":{"start":{"line":61,"column":16},"end":{"line":61,"column":21}},"loc":{"start":{"line":61,"column":27},"end":{"line":70,"column":5}}}},"branchMap":{"0":{"loc":{"start":{"line":9,"column":46},"end":{"line":9,"column":65}},"type":"binary-expr","locations":[{"start":{"line":9,"column":46},"end":{"line":9,"column":59}},{"start":{"line":9,"column":63},"end":{"line":9,"column":65}}]},"1":{"loc":{"start":{"line":10,"column":8},"end":{"line":14,"column":9}},"type":"if","locations":[{"start":{"line":10,"column":8},"end":{"line":14,"column":9}}]},"2":{"loc":{"start":{"line":10,"column":12},"end":{"line":10,"column":69}},"type":"binary-expr","locations":[{"start":{"line":10,"column":12},"end":{"line":10,"column":18}},{"start":{"line":10,"column":22},"end":{"line":10,"column":43}},{"start":{"line":10,"column":47},"end":{"line":10,"column":69}}]},"3":{"loc":{"start":{"line":28,"column":8},"end":{"line":30,"column":9}},"type":"if","locations":[{"start":{"line":28,"column":8},"end":{"line":30,"column":9}}]},"4":{"loc":{"start":{"line":36,"column":8},"end":{"line":40,"column":9}},"type":"if","locations":[{"start":{"line":36,"column":8},"end":{"line":40,"column":9}}]},"5":{"loc":{"start":{"line":64,"column":12},"end":{"line":66,"column":13}},"type":"if","locations":[{"start":{"line":64,"column":12},"end":{"line":66,"column":13}}]}},"s":{"0":1,"1":1,"2":1,"3":2,"4":2,"5":1,"6":1,"7":1,"8":1,"9":1,"10":1,"11":1,"12":1,"13":1,"14":1,"15":7,"16":7,"17":7,"18":1,"19":6,"20":3,"21":2,"22":2,"23":2,"24":1,"25":4,"26":4,"27":4,"28":1,"29":1,"30":5,"31":1,"32":1,"33":2,"34":1,"35":1,"36":1,"37":1,"38":0,"39":0,"40":0,"41":0,"42":0,"43":1},"f":{"0":2,"1":7,"2":5,"3":2,"4":1,"5":0},"b":{"0":[1,0],"1":[1],"2":[1,1,1],"3":[1],"4":[2],"5":[0]}}
,"C:\\Users\\Ira\\ElectronicVoting\\src\\components\\button\\button.tsx": {"path":"C:\\Users\\Ira\\ElectronicVoting\\src\\components\\button\\button.tsx","statementMap":{"0":{"start":{"line":2,"column":0},"end":{"line":2,"column":40}},"1":{"start":{"line":11,"column":22},"end":{"line":37,"column":1}},"2":{"start":{"line":12,"column":48},"end":{"line":12,"column":53}},"3":{"start":{"line":14,"column":4},"end":{"line":36,"column":null}},"4":{"start":{"line":11,"column":13},"end":{"line":11,"column":22}}},"fnMap":{"0":{"name":"(anonymous_1)","decl":{"start":{"line":11,"column":22},"end":{"line":11,"column":23}},"loc":{"start":{"line":11,"column":58},"end":{"line":37,"column":1}}}},"branchMap":{"0":{"loc":{"start":{"line":21,"column":22},"end":{"line":23,"column":41}},"type":"cond-expr","locations":[{"start":{"line":22,"column":22},"end":{"line":22,"column":40}},{"start":{"line":23,"column":22},"end":{"line":23,"column":41}}]},"1":{"loc":{"start":{"line":24,"column":22},"end":{"line":24,"column":53}},"type":"cond-expr","locations":[{"start":{"line":24,"column":33},"end":{"line":24,"column":48}},{"start":{"line":24,"column":51},"end":{"line":24,"column":53}}]}},"s":{"0":1,"1":1,"2":6,"3":6,"4":1},"f":{"0":6},"b":{"0":[1,5],"1":[1,5]}}
,"C:\\Users\\Ira\\ElectronicVoting\\src\\components\\input\\input.tsx": {"path":"C:\\Users\\Ira\\ElectronicVoting\\src\\components\\input\\input.tsx","statementMap":{"0":{"start":{"line":1,"column":0},"end":{"line":1,"column":44}},"1":{"start":{"line":9,"column":21},"end":{"line":39,"column":1}},"2":{"start":{"line":10,"column":45},"end":{"line":10,"column":50}},"3":{"start":{"line":12,"column":40},"end":{"line":12,"column":55}},"4":{"start":{"line":14,"column":25},"end":{"line":18,"column":5}},"5":{"start":{"line":15,"column":25},"end":{"line":15,"column":43}},"6":{"start":{"line":16,"column":8},"end":{"line":16,"column":32}},"7":{"start":{"line":17,"column":8},"end":{"line":17,"column":27}},"8":{"start":{"line":20,"column":4},"end":{"line":22,"column":16}},"9":{"start":{"line":21,"column":8},"end":{"line":21,"column":29}},"10":{"start":{"line":24,"column":4},"end":{"line":38,"column":7}},"11":{"start":{"line":9,"column":13},"end":{"line":9,"column":21}}},"fnMap":{"0":{"name":"(anonymous_0)","decl":{"start":{"line":9,"column":21},"end":{"line":9,"column":22}},"loc":{"start":{"line":9,"column":43},"end":{"line":39,"column":1}}},"1":{"name":"(anonymous_1)","decl":{"start":{"line":14,"column":25},"end":{"line":14,"column":26}},"loc":{"start":{"line":14,"column":72},"end":{"line":18,"column":5}}},"2":{"name":"(anonymous_2)","decl":{"start":{"line":20,"column":14},"end":{"line":20,"column":17}},"loc":{"start":{"line":20,"column":19},"end":{"line":22,"column":5}}}},"branchMap":{},"s":{"0":1,"1":1,"2":9,"3":9,"4":9,"5":1,"6":1,"7":1,"8":9,"9":6,"10":9,"11":1},"f":{"0":9,"1":1,"2":6},"b":{}}
,"C:\\Users\\Ira\\ElectronicVoting\\src\\components\\textArea\\textArea.tsx": {"path":"C:\\Users\\Ira\\ElectronicVoting\\src\\components\\textArea\\textArea.tsx","statementMap":{"0":{"start":{"line":1,"column":0},"end":{"line":1,"column":38}},"1":{"start":{"line":10,"column":24},"end":{"line":43,"column":1}},"2":{"start":{"line":11,"column":52},"end":{"line":11,"column":57}},"3":{"start":{"line":13,"column":40},"end":{"line":13,"column":55}},"4":{"start":{"line":15,"column":25},"end":{"line":19,"column":5}},"5":{"start":{"line":16,"column":25},"end":{"line":16,"column":43}},"6":{"start":{"line":17,"column":8},"end":{"line":17,"column":32}},"7":{"start":{"line":18,"column":8},"end":{"line":18,"column":27}},"8":{"start":{"line":21,"column":4},"end":{"line":42,"column":null}},"9":{"start":{"line":10,"column":13},"end":{"line":10,"column":24}}},"fnMap":{"0":{"name":"(anonymous_0)","decl":{"start":{"line":10,"column":24},"end":{"line":10,"column":25}},"loc":{"start":{"line":10,"column":63},"end":{"line":43,"column":1}}},"1":{"name":"(anonymous_1)","decl":{"start":{"line":15,"column":25},"end":{"line":15,"column":26}},"loc":{"start":{"line":15,"column":75},"end":{"line":19,"column":5}}}},"branchMap":{},"s":{"0":1,"1":1,"2":11,"3":11,"4":11,"5":4,"6":4,"7":4,"8":11,"9":1},"f":{"0":11,"1":4},"b":{}}
,"C:\\Users\\Ira\\ElectronicVoting\\src\\hooks\\useMeetingForm.ts": {"path":"C:\\Users\\Ira\\ElectronicVoting\\src\\hooks\\useMeetingForm.ts","statementMap":{"0":{"start":{"line":1,"column":0},"end":{"line":1,"column":44}},"1":{"start":{"line":2,"column":0},"end":{"line":2,"column":99}},"2":{"start":{"line":5,"column":0},"end":{"line":5,"column":98}},"3":{"start":{"line":7,"column":20},"end":{"line":7,"column":58}},"4":{"start":{"line":8,"column":20},"end":{"line":8,"column":46}},"5":{"start":{"line":10,"column":30},"end":{"line":143,"column":1}},"6":{"start":{"line":11,"column":38},"end":{"line":29,"column":6}},"7":{"start":{"line":31,"column":42},"end":{"line":31,"column":70}},"8":{"start":{"line":32,"column":42},"end":{"line":32,"column":57}},"9":{"start":{"line":34,"column":24},"end":{"line":39,"column":5}},"10":{"start":{"line":35,"column":8},"end":{"line":38,"column":12}},"11":{"start":{"line":35,"column":30},"end":{"line":38,"column":10}},"12":{"start":{"line":41,"column":30},"end":{"line":83,"column":5}},"13":{"start":{"line":42,"column":24},"end":{"line":43,"column":60}},"14":{"start":{"line":43,"column":12},"end":{"line":43,"column":60}},"15":{"start":{"line":45,"column":8},"end":{"line":82,"column":9}},"16":{"start":{"line":46,"column":28},"end":{"line":71,"column":14}},"17":{"start":{"line":59,"column":72},"end":{"line":64,"column":18}},"18":{"start":{"line":73,"column":12},"end":{"line":77,"column":13}},"19":{"start":{"line":74,"column":16},"end":{"line":74,"column":81}},"20":{"start":{"line":76,"column":16},"end":{"line":76,"column":49}},"21":{"start":{"line":79,"column":12},"end":{"line":79,"column":33}},"22":{"start":{"line":81,"column":12},"end":{"line":81,"column":65}},"23":{"start":{"line":85,"column":28},"end":{"line":87,"column":5}},"24":{"start":{"line":86,"column":8},"end":{"line":86,"column":72}},"25":{"start":{"line":89,"column":31},"end":{"line":91,"column":5}},"26":{"start":{"line":90,"column":8},"end":{"line":90,"column":89}},"27":{"start":{"line":90,"column":61},"end":{"line":90,"column":86}},"28":{"start":{"line":93,"column":31},"end":{"line":97,"column":5}},"29":{"start":{"line":94,"column":31},"end":{"line":94,"column":53}},"30":{"start":{"line":95,"column":8},"end":{"line":95,"column":40}},"31":{"start":{"line":96,"column":8},"end":{"line":96,"column":47}},"32":{"start":{"line":99,"column":28},"end":{"line":103,"column":5}},"33":{"start":{"line":100,"column":24},"end":{"line":100,"column":56}},"34":{"start":{"line":101,"column":8},"end":{"line":101,"column":47}},"35":{"start":{"line":102,"column":8},"end":{"line":102,"column":34}},"36":{"start":{"line":105,"column":4},"end":{"line":129,"column":32}},"37":{"start":{"line":106,"column":31},"end":{"line":113,"column":9}},"38":{"start":{"line":107,"column":12},"end":{"line":112,"column":13}},"39":{"start":{"line":108,"column":34},"end":{"line":108,"column":56}},"40":{"start":{"line":109,"column":16},"end":{"line":109,"column":42}},"41":{"start":{"line":111,"column":16},"end":{"line":111,"column":69}},"42":{"start":{"line":115,"column":29},"end":{"line":125,"column":9}},"43":{"start":{"line":116,"column":12},"end":{"line":124,"column":13}},"44":{"start":{"line":117,"column":16},"end":{"line":123,"column":17}},"45":{"start":{"line":118,"column":36},"end":{"line":118,"column":66}},"46":{"start":{"line":119,"column":37},"end":{"line":119,"column":77}},"47":{"start":{"line":120,"column":20},"end":{"line":120,"column":43}},"48":{"start":{"line":122,"column":20},"end":{"line":122,"column":73}},"49":{"start":{"line":127,"column":8},"end":{"line":127,"column":25}},"50":{"start":{"line":128,"column":8},"end":{"line":128,"column":23}},"51":{"start":{"line":131,"column":4},"end":{"line":142,"column":6}},"52":{"start":{"line":10,"column":13},"end":{"line":10,"column":30}}},"fnMap":{"0":{"name":"(anonymous_0)","decl":{"start":{"line":10,"column":30},"end":{"line":10,"column":31}},"loc":{"start":{"line":10,"column":73},"end":{"line":143,"column":1}}},"1":{"name":"(anonymous_1)","decl":{"start":{"line":34,"column":24},"end":{"line":34,"column":53}},"loc":{"start":{"line":34,"column":85},"end":{"line":39,"column":5}}},"2":{"name":"(anonymous_2)","decl":{"start":{"line":35,"column":21},"end":{"line":35,"column":25}},"loc":{"start":{"line":35,"column":30},"end":{"line":38,"column":10}}},"3":{"name":"(anonymous_3)","decl":{"start":{"line":41,"column":30},"end":{"line":41,"column":35}},"loc":{"start":{"line":41,"column":41},"end":{"line":83,"column":5}}},"4":{"name":"(anonymous_4)","decl":{"start":{"line":42,"column":24},"end":{"line":42,"column":25}},"loc":{"start":{"line":43,"column":12},"end":{"line":43,"column":60}}},"5":{"name":"(anonymous_5)","decl":{"start":{"line":59,"column":46},"end":{"line":59,"column":47}},"loc":{"start":{"line":59,"column":72},"end":{"line":64,"column":18}}},"6":{"name":"(anonymous_6)","decl":{"start":{"line":85,"column":28},"end":{"line":85,"column":29}},"loc":{"start":{"line":85,"column":56},"end":{"line":87,"column":5}}},"7":{"name":"(anonymous_7)","decl":{"start":{"line":89,"column":31},"end":{"line":89,"column":32}},"loc":{"start":{"line":89,"column":52},"end":{"line":91,"column":5}}},"8":{"name":"(anonymous_8)","decl":{"start":{"line":90,"column":56},"end":{"line":90,"column":57}},"loc":{"start":{"line":90,"column":61},"end":{"line":90,"column":86}}},"9":{"name":"(anonymous_9)","decl":{"start":{"line":93,"column":31},"end":{"line":93,"column":32}},"loc":{"start":{"line":93,"column":73},"end":{"line":97,"column":5}}},"10":{"name":"(anonymous_10)","decl":{"start":{"line":99,"column":28},"end":{"line":99,"column":29}},"loc":{"start":{"line":99,"column":86},"end":{"line":103,"column":5}}},"11":{"name":"(anonymous_11)","decl":{"start":{"line":105,"column":14},"end":{"line":105,"column":17}},"loc":{"start":{"line":105,"column":19},"end":{"line":129,"column":5}}},"12":{"name":"(anonymous_12)","decl":{"start":{"line":106,"column":31},"end":{"line":106,"column":36}},"loc":{"start":{"line":106,"column":42},"end":{"line":113,"column":9}}},"13":{"name":"(anonymous_13)","decl":{"start":{"line":115,"column":29},"end":{"line":115,"column":34}},"loc":{"start":{"line":115,"column":40},"end":{"line":125,"column":9}}}},"branchMap":{"0":{"loc":{"start":{"line":43,"column":12},"end":{"line":43,"column":60}},"type":"cond-expr","locations":[{"start":{"line":43,"column":39},"end":{"line":43,"column":53}},{"start":{"line":43,"column":56},"end":{"line":43,"column":60}}]},"1":{"loc":{"start":{"line":68,"column":30},"end":{"line":68,"column":58}},"type":"binary-expr","locations":[{"start":{"line":68,"column":30},"end":{"line":68,"column":52}},{"start":{"line":68,"column":56},"end":{"line":68,"column":58}}]},"2":{"loc":{"start":{"line":69,"column":29},"end":{"line":69,"column":56}},"type":"binary-expr","locations":[{"start":{"line":69,"column":29},"end":{"line":69,"column":50}},{"start":{"line":69,"column":54},"end":{"line":69,"column":56}}]},"3":{"loc":{"start":{"line":70,"column":24},"end":{"line":70,"column":45}},"type":"binary-expr","locations":[{"start":{"line":70,"column":24},"end":{"line":70,"column":40}},{"start":{"line":70,"column":44},"end":{"line":70,"column":45}}]},"4":{"loc":{"start":{"line":73,"column":12},"end":{"line":77,"column":13}},"type":"if","locations":[{"start":{"line":73,"column":12},"end":{"line":77,"column":13}},{"start":{"line":75,"column":19},"end":{"line":77,"column":13}}]},"5":{"loc":{"start":{"line":116,"column":12},"end":{"line":124,"column":13}},"type":"if","locations":[{"start":{"line":116,"column":12},"end":{"line":124,"column":13}}]},"6":{"loc":{"start":{"line":116,"column":16},"end":{"line":116,"column":46}},"type":"binary-expr","locations":[{"start":{"line":116,"column":16},"end":{"line":116,"column":26}},{"start":{"line":116,"column":30},"end":{"line":116,"column":46}}]}},"s":{"0":1,"1":1,"2":1,"3":1,"4":1,"5":1,"6":24,"7":24,"8":24,"9":24,"10":7,"11":7,"12":24,"13":3,"14":15,"15":3,"16":3,"17":0,"18":3,"19":1,"20":2,"21":2,"22":1,"23":24,"24":3,"25":24,"26":1,"27":0,"28":24,"29":1,"30":1,"31":1,"32":24,"33":1,"34":1,"35":1,"36":24,"37":13,"38":13,"39":13,"40":12,"41":1,"42":13,"43":13,"44":3,"45":3,"46":2,"47":2,"48":1,"49":13,"50":13,"51":24,"52":1},"f":{"0":24,"1":7,"2":7,"3":3,"4":15,"5":0,"6":3,"7":1,"8":0,"9":1,"10":1,"11":13,"12":13,"13":13},"b":{"0":[0,15],"1":[3,3],"2":[3,3],"3":[3,3],"4":[1,2],"5":[3],"6":[13,3]}}
,"C:\\Users\\Ira\\ElectronicVoting\\src\\requests\\requests.ts": {"path":"C:\\Users\\Ira\\ElectronicVoting\\src\\requests\\requests.ts","statementMap":{"0":{"start":{"line":1,"column":0},"end":{"line":1,"column":26}},"1":{"start":{"line":5,"column":16},"end":{"line":5,"column":40}},"2":{"start":{"line":7,"column":14},"end":{"line":7,"column":55}},"3":{"start":{"line":9,"column":27},"end":{"line":17,"column":1}},"4":{"start":{"line":10,"column":21},"end":{"line":14,"column":null}},"5":{"start":{"line":16,"column":4},"end":{"line":16,"column":25}},"6":{"start":{"line":9,"column":13},"end":{"line":9,"column":27}},"7":{"start":{"line":19,"column":25},"end":{"line":27,"column":1}},"8":{"start":{"line":20,"column":21},"end":{"line":24,"column":null}},"9":{"start":{"line":26,"column":4},"end":{"line":26,"column":25}},"10":{"start":{"line":19,"column":13},"end":{"line":19,"column":25}},"11":{"start":{"line":29,"column":31},"end":{"line":36,"column":1}},"12":{"start":{"line":30,"column":21},"end":{"line":34,"column":6}},"13":{"start":{"line":35,"column":4},"end":{"line":35,"column":null}},"14":{"start":{"line":29,"column":13},"end":{"line":29,"column":31}},"15":{"start":{"line":38,"column":35},"end":{"line":45,"column":1}},"16":{"start":{"line":39,"column":21},"end":{"line":43,"column":6}},"17":{"start":{"line":44,"column":4},"end":{"line":44,"column":null}},"18":{"start":{"line":38,"column":13},"end":{"line":38,"column":35}},"19":{"start":{"line":47,"column":38},"end":{"line":54,"column":1}},"20":{"start":{"line":48,"column":21},"end":{"line":52,"column":6}},"21":{"start":{"line":53,"column":4},"end":{"line":53,"column":null}},"22":{"start":{"line":47,"column":13},"end":{"line":47,"column":38}},"23":{"start":{"line":56,"column":33},"end":{"line":69,"column":1}},"24":{"start":{"line":57,"column":4},"end":{"line":68,"column":5}},"25":{"start":{"line":58,"column":25},"end":{"line":62,"column":10}},"26":{"start":{"line":64,"column":8},"end":{"line":64,"column":29}},"27":{"start":{"line":66,"column":8},"end":{"line":66,"column":62}},"28":{"start":{"line":67,"column":8},"end":{"line":67,"column":20}},"29":{"start":{"line":56,"column":13},"end":{"line":56,"column":33}},"30":{"start":{"line":71,"column":30},"end":{"line":78,"column":1}},"31":{"start":{"line":72,"column":21},"end":{"line":76,"column":6}},"32":{"start":{"line":77,"column":4},"end":{"line":77,"column":43}},"33":{"start":{"line":71,"column":13},"end":{"line":71,"column":30}},"34":{"start":{"line":80,"column":33},"end":{"line":93,"column":1}},"35":{"start":{"line":81,"column":4},"end":{"line":92,"column":5}},"36":{"start":{"line":82,"column":25},"end":{"line":87,"column":10}},"37":{"start":{"line":88,"column":8},"end":{"line":88,"column":48}},"38":{"start":{"line":90,"column":8},"end":{"line":90,"column":27}},"39":{"start":{"line":91,"column":8},"end":{"line":91,"column":20}},"40":{"start":{"line":80,"column":13},"end":{"line":80,"column":33}},"41":{"start":{"line":95,"column":35},"end":{"line":108,"column":1}},"42":{"start":{"line":96,"column":4},"end":{"line":107,"column":5}},"43":{"start":{"line":97,"column":25},"end":{"line":102,"column":10}},"44":{"start":{"line":103,"column":8},"end":{"line":103,"column":51}},"45":{"start":{"line":105,"column":8},"end":{"line":105,"column":27}},"46":{"start":{"line":106,"column":8},"end":{"line":106,"column":20}},"47":{"start":{"line":95,"column":13},"end":{"line":95,"column":35}},"48":{"start":{"line":110,"column":29},"end":{"line":117,"column":1}},"49":{"start":{"line":111,"column":21},"end":{"line":115,"column":6}},"50":{"start":{"line":116,"column":4},"end":{"line":116,"column":null}},"51":{"start":{"line":110,"column":13},"end":{"line":110,"column":29}},"52":{"start":{"line":119,"column":24},"end":{"line":129,"column":1}},"53":{"start":{"line":120,"column":4},"end":{"line":128,"column":null}},"54":{"start":{"line":119,"column":13},"end":{"line":119,"column":24}},"55":{"start":{"line":131,"column":26},"end":{"line":147,"column":1}},"56":{"start":{"line":132,"column":4},"end":{"line":146,"column":5}},"57":{"start":{"line":133,"column":25},"end":{"line":140,"column":null}},"58":{"start":{"line":142,"column":8},"end":{"line":142,"column":24}},"59":{"start":{"line":144,"column":8},"end":{"line":144,"column":61}},"60":{"start":{"line":145,"column":8},"end":{"line":145,"column":20}},"61":{"start":{"line":131,"column":13},"end":{"line":131,"column":26}},"62":{"start":{"line":149,"column":28},"end":{"line":160,"column":1}},"63":{"start":{"line":150,"column":21},"end":{"line":157,"column":null}},"64":{"start":{"line":159,"column":4},"end":{"line":159,"column":25}},"65":{"start":{"line":149,"column":13},"end":{"line":149,"column":28}},"66":{"start":{"line":163,"column":27},"end":{"line":170,"column":1}},"67":{"start":{"line":164,"column":21},"end":{"line":168,"column":6}},"68":{"start":{"line":169,"column":4},"end":{"line":169,"column":null}},"69":{"start":{"line":163,"column":13},"end":{"line":163,"column":27}},"70":{"start":{"line":172,"column":24},"end":{"line":183,"column":1}},"71":{"start":{"line":173,"column":4},"end":{"line":182,"column":5}},"72":{"start":{"line":174,"column":25},"end":{"line":177,"column":null}},"73":{"start":{"line":179,"column":8},"end":{"line":179,"column":48}},"74":{"start":{"line":181,"column":8},"end":{"line":181,"column":39}},"75":{"start":{"line":172,"column":13},"end":{"line":172,"column":24}}},"fnMap":{"0":{"name":"(anonymous_1)","decl":{"start":{"line":9,"column":27},"end":{"line":9,"column":32}},"loc":{"start":{"line":9,"column":56},"end":{"line":17,"column":1}}},"1":{"name":"(anonymous_2)","decl":{"start":{"line":19,"column":25},"end":{"line":19,"column":30}},"loc":{"start":{"line":19,"column":54},"end":{"line":27,"column":1}}},"2":{"name":"(anonymous_3)","decl":{"start":{"line":29,"column":31},"end":{"line":29,"column":36}},"loc":{"start":{"line":29,"column":71},"end":{"line":36,"column":1}}},"3":{"name":"(anonymous_4)","decl":{"start":{"line":38,"column":35},"end":{"line":38,"column":40}},"loc":{"start":{"line":38,"column":96},"end":{"line":45,"column":1}}},"4":{"name":"(anonymous_5)","decl":{"start":{"line":47,"column":38},"end":{"line":47,"column":43}},"loc":{"start":{"line":47,"column":87},"end":{"line":54,"column":1}}},"5":{"name":"(anonymous_6)","decl":{"start":{"line":56,"column":33},"end":{"line":56,"column":38}},"loc":{"start":{"line":56,"column":64},"end":{"line":69,"column":1}}},"6":{"name":"(anonymous_7)","decl":{"start":{"line":71,"column":30},"end":{"line":71,"column":35}},"loc":{"start":{"line":71,"column":66},"end":{"line":78,"column":1}}},"7":{"name":"(anonymous_8)","decl":{"start":{"line":80,"column":33},"end":{"line":80,"column":38}},"loc":{"start":{"line":80,"column":82},"end":{"line":93,"column":1}}},"8":{"name":"(anonymous_9)","decl":{"start":{"line":95,"column":35},"end":{"line":95,"column":40}},"loc":{"start":{"line":95,"column":64},"end":{"line":108,"column":1}}},"9":{"name":"(anonymous_10)","decl":{"start":{"line":110,"column":29},"end":{"line":110,"column":34}},"loc":{"start":{"line":110,"column":83},"end":{"line":117,"column":1}}},"10":{"name":"(anonymous_11)","decl":{"start":{"line":119,"column":24},"end":{"line":119,"column":29}},"loc":{"start":{"line":119,"column":71},"end":{"line":129,"column":1}}},"11":{"name":"(anonymous_12)","decl":{"start":{"line":131,"column":26},"end":{"line":131,"column":31}},"loc":{"start":{"line":131,"column":55},"end":{"line":147,"column":1}}},"12":{"name":"(anonymous_13)","decl":{"start":{"line":149,"column":28},"end":{"line":149,"column":33}},"loc":{"start":{"line":149,"column":87},"end":{"line":160,"column":1}}},"13":{"name":"(anonymous_14)","decl":{"start":{"line":163,"column":27},"end":{"line":163,"column":32}},"loc":{"start":{"line":163,"column":85},"end":{"line":170,"column":1}}},"14":{"name":"(anonymous_15)","decl":{"start":{"line":172,"column":24},"end":{"line":172,"column":29}},"loc":{"start":{"line":172,"column":89},"end":{"line":183,"column":1}}}},"branchMap":{},"s":{"0":1,"1":1,"2":1,"3":1,"4":2,"5":1,"6":1,"7":1,"8":1,"9":1,"10":1,"11":1,"12":1,"13":1,"14":1,"15":1,"16":1,"17":1,"18":1,"19":1,"20":1,"21":1,"22":1,"23":1,"24":2,"25":2,"26":1,"27":1,"28":1,"29":1,"30":1,"31":1,"32":1,"33":1,"34":1,"35":1,"36":1,"37":1,"38":0,"39":0,"40":1,"41":1,"42":1,"43":1,"44":1,"45":0,"46":0,"47":1,"48":1,"49":1,"50":1,"51":1,"52":1,"53":1,"54":1,"55":1,"56":1,"57":1,"58":1,"59":0,"60":0,"61":1,"62":1,"63":1,"64":1,"65":1,"66":1,"67":1,"68":1,"69":1,"70":1,"71":2,"72":2,"73":0,"74":2,"75":1},"f":{"0":2,"1":1,"2":1,"3":1,"4":1,"5":2,"6":1,"7":1,"8":1,"9":1,"10":1,"11":1,"12":1,"13":1,"14":2},"b":{}}
,"C:\\Users\\Ira\\ElectronicVoting\\src\\utils\\excelGenerator.ts": {"path":"C:\\Users\\Ira\\ElectronicVoting\\src\\utils\\excelGenerator.ts","statementMap":{"0":{"start":{"line":1,"column":0},"end":{"line":1,"column":30}},"1":{"start":{"line":4,"column":33},"end":{"line":96,"column":1}},"2":{"start":{"line":5,"column":21},"end":{"line":5,"column":43}},"3":{"start":{"line":6,"column":22},"end":{"line":6,"column":69}},"4":{"start":{"line":9,"column":4},"end":{"line":14,"column":6}},"5":{"start":{"line":16,"column":19},"end":{"line":16,"column":20}},"6":{"start":{"line":18,"column":4},"end":{"line":68,"column":5}},"7":{"start":{"line":20,"column":28},"end":{"line":20,"column":54}},"8":{"start":{"line":21,"column":8},"end":{"line":21,"column":70}},"9":{"start":{"line":22,"column":8},"end":{"line":22,"column":44}},"10":{"start":{"line":23,"column":8},"end":{"line":23,"column":48}},"11":{"start":{"line":24,"column":8},"end":{"line":24,"column":53}},"12":{"start":{"line":25,"column":8},"end":{"line":25,"column":42}},"13":{"start":{"line":26,"column":8},"end":{"line":26,"column":19}},"14":{"start":{"line":29,"column":28},"end":{"line":29,"column":54}},"15":{"start":{"line":30,"column":8},"end":{"line":30,"column":71}},"16":{"start":{"line":31,"column":21},"end":{"line":31,"column":39}},"17":{"start":{"line":32,"column":8},"end":{"line":36,"column":9}},"18":{"start":{"line":33,"column":12},"end":{"line":33,"column":67}},"19":{"start":{"line":34,"column":12},"end":{"line":34,"column":71}},"20":{"start":{"line":35,"column":12},"end":{"line":35,"column":71}},"21":{"start":{"line":37,"column":8},"end":{"line":37,"column":19}},"22":{"start":{"line":40,"column":8},"end":{"line":40,"column":19}},"23":{"start":{"line":42,"column":8},"end":{"line":64,"column":9}},"24":{"start":{"line":44,"column":39},"end":{"line":44,"column":65}},"25":{"start":{"line":45,"column":12},"end":{"line":45,"column":66}},"26":{"start":{"line":46,"column":12},"end":{"line":46,"column":55}},"27":{"start":{"line":47,"column":12},"end":{"line":47,"column":59}},"28":{"start":{"line":48,"column":12},"end":{"line":48,"column":64}},"29":{"start":{"line":49,"column":12},"end":{"line":49,"column":53}},"30":{"start":{"line":50,"column":12},"end":{"line":50,"column":23}},"31":{"start":{"line":53,"column":12},"end":{"line":63,"column":15}},"32":{"start":{"line":54,"column":37},"end":{"line":54,"column":63}},"33":{"start":{"line":55,"column":16},"end":{"line":55,"column":67}},"34":{"start":{"line":56,"column":29},"end":{"line":56,"column":51}},"35":{"start":{"line":57,"column":16},"end":{"line":61,"column":17}},"36":{"start":{"line":58,"column":20},"end":{"line":58,"column":76}},"37":{"start":{"line":59,"column":20},"end":{"line":59,"column":80}},"38":{"start":{"line":60,"column":20},"end":{"line":60,"column":81}},"39":{"start":{"line":62,"column":16},"end":{"line":62,"column":27}},"40":{"start":{"line":67,"column":8},"end":{"line":67,"column":19}},"41":{"start":{"line":71,"column":4},"end":{"line":85,"column":7}},"42":{"start":{"line":72,"column":8},"end":{"line":80,"column":11}},"43":{"start":{"line":73,"column":12},"end":{"line":78,"column":14}},"44":{"start":{"line":79,"column":12},"end":{"line":79,"column":74}},"45":{"start":{"line":83,"column":26},"end":{"line":83,"column":40}},"46":{"start":{"line":84,"column":8},"end":{"line":84,"column":73}},"47":{"start":{"line":88,"column":19},"end":{"line":88,"column":52}},"48":{"start":{"line":89,"column":17},"end":{"line":89,"column":114}},"49":{"start":{"line":90,"column":16},"end":{"line":90,"column":48}},"50":{"start":{"line":91,"column":17},"end":{"line":91,"column":44}},"51":{"start":{"line":92,"column":4},"end":{"line":92,"column":20}},"52":{"start":{"line":93,"column":4},"end":{"line":93,"column":50}},"53":{"start":{"line":94,"column":4},"end":{"line":94,"column":17}},"54":{"start":{"line":95,"column":4},"end":{"line":95,"column":36}},"55":{"start":{"line":4,"column":13},"end":{"line":4,"column":33}}},"fnMap":{"0":{"name":"(anonymous_1)","decl":{"start":{"line":4,"column":33},"end":{"line":4,"column":38}},"loc":{"start":{"line":4,"column":69},"end":{"line":96,"column":1}}},"1":{"name":"(anonymous_2)","decl":{"start":{"line":53,"column":37},"end":{"line":53,"column":38}},"loc":{"start":{"line":53,"column":55},"end":{"line":63,"column":13}}},"2":{"name":"(anonymous_3)","decl":{"start":{"line":71,"column":22},"end":{"line":71,"column":23}},"loc":{"start":{"line":71,"column":30},"end":{"line":85,"column":5}}},"3":{"name":"(anonymous_4)","decl":{"start":{"line":72,"column":21},"end":{"line":72,"column":22}},"loc":{"start":{"line":72,"column":30},"end":{"line":80,"column":9}}}},"branchMap":{"0":{"loc":{"start":{"line":32,"column":8},"end":{"line":36,"column":9}},"type":"if","locations":[{"start":{"line":32,"column":8},"end":{"line":36,"column":9}}]},"1":{"loc":{"start":{"line":33,"column":43},"end":{"line":33,"column":66}},"type":"binary-expr","locations":[{"start":{"line":33,"column":43},"end":{"line":33,"column":61}},{"start":{"line":33,"column":65},"end":{"line":33,"column":66}}]},"2":{"loc":{"start":{"line":34,"column":43},"end":{"line":34,"column":70}},"type":"binary-expr","locations":[{"start":{"line":34,"column":43},"end":{"line":34,"column":65}},{"start":{"line":34,"column":69},"end":{"line":34,"column":70}}]},"3":{"loc":{"start":{"line":35,"column":43},"end":{"line":35,"column":70}},"type":"binary-expr","locations":[{"start":{"line":35,"column":43},"end":{"line":35,"column":65}},{"start":{"line":35,"column":69},"end":{"line":35,"column":70}}]},"4":{"loc":{"start":{"line":42,"column":8},"end":{"line":64,"column":9}},"type":"if","locations":[{"start":{"line":42,"column":8},"end":{"line":64,"column":9}}]},"5":{"loc":{"start":{"line":57,"column":16},"end":{"line":61,"column":17}},"type":"if","locations":[{"start":{"line":57,"column":16},"end":{"line":61,"column":17}}]},"6":{"loc":{"start":{"line":58,"column":52},"end":{"line":58,"column":75}},"type":"binary-expr","locations":[{"start":{"line":58,"column":52},"end":{"line":58,"column":70}},{"start":{"line":58,"column":74},"end":{"line":58,"column":75}}]},"7":{"loc":{"start":{"line":59,"column":52},"end":{"line":59,"column":79}},"type":"binary-expr","locations":[{"start":{"line":59,"column":52},"end":{"line":59,"column":74}},{"start":{"line":59,"column":78},"end":{"line":59,"column":79}}]},"8":{"loc":{"start":{"line":60,"column":52},"end":{"line":60,"column":80}},"type":"binary-expr","locations":[{"start":{"line":60,"column":52},"end":{"line":60,"column":74}},{"start":{"line":60,"column":78},"end":{"line":60,"column":80}}]}},"s":{"0":1,"1":1,"2":6,"3":5,"4":5,"5":5,"6":5,"7":5,"8":5,"9":5,"10":5,"11":5,"12":5,"13":5,"14":5,"15":5,"16":5,"17":5,"18":4,"19":4,"20":4,"21":5,"22":5,"23":5,"24":2,"25":2,"26":2,"27":2,"28":2,"29":2,"30":2,"31":2,"32":3,"33":3,"34":3,"35":3,"36":3,"37":3,"38":3,"39":3,"40":5,"41":5,"42":0,"43":0,"44":0,"45":0,"46":0,"47":5,"48":5,"49":5,"50":5,"51":5,"52":5,"53":5,"54":5,"55":1},"f":{"0":6,"1":3,"2":0,"3":0},"b":{"0":[4],"1":[4,1],"2":[4,2],"3":[4,2],"4":[2],"5":[3],"6":[3,0],"7":[3,0],"8":[3,0]}}
,"C:\\Users\\Ira\\ElectronicVoting\\src\\utils\\functions.ts": {"path":"C:\\Users\\Ira\\ElectronicVoting\\src\\utils\\functions.ts","statementMap":{"0":{"start":{"line":9,"column":0},"end":{"line":9,"column":16}},"1":{"start":{"line":81,"column":0},"end":{"line":81,"column":16}},"2":{"start":{"line":102,"column":0},"end":{"line":102,"column":16}},"3":{"start":{"line":4,"column":28},"end":{"line":7,"column":1}},"4":{"start":{"line":5,"column":22},"end":{"line":5,"column":37}},"5":{"start":{"line":6,"column":4},"end":{"line":6,"column":null}},"6":{"start":{"line":4,"column":13},"end":{"line":4,"column":28}},"7":{"start":{"line":12,"column":59},"end":{"line":12,"column":61}},"8":{"start":{"line":14,"column":4},"end":{"line":46,"column":5}},"9":{"start":{"line":15,"column":27},"end":{"line":15,"column":38}},"10":{"start":{"line":16,"column":22},"end":{"line":16,"column":32}},"11":{"start":{"line":18,"column":40},"end":{"line":18,"column":66}},"12":{"start":{"line":20,"column":8},"end":{"line":43,"column":9}},"13":{"start":{"line":22,"column":12},"end":{"line":26,"column":13}},"14":{"start":{"line":24,"column":19},"end":{"line":26,"column":13}},"15":{"start":{"line":25,"column":16},"end":{"line":25,"column":52}},"16":{"start":{"line":27,"column":15},"end":{"line":43,"column":9}},"17":{"start":{"line":29,"column":29},"end":{"line":29,"column":78}},"18":{"start":{"line":31,"column":12},"end":{"line":33,"column":13}},"19":{"start":{"line":32,"column":16},"end":{"line":32,"column":67}},"20":{"start":{"line":34,"column":12},"end":{"line":36,"column":13}},"21":{"start":{"line":35,"column":16},"end":{"line":35,"column":67}},"22":{"start":{"line":37,"column":12},"end":{"line":39,"column":13}},"23":{"start":{"line":38,"column":16},"end":{"line":38,"column":67}},"24":{"start":{"line":40,"column":12},"end":{"line":42,"column":13}},"25":{"start":{"line":41,"column":16},"end":{"line":41,"column":67}},"26":{"start":{"line":45,"column":8},"end":{"line":45,"column":61}},"27":{"start":{"line":48,"column":4},"end":{"line":48,"column":60}},"28":{"start":{"line":51,"column":26},"end":{"line":60,"column":1}},"29":{"start":{"line":52,"column":4},"end":{"line":52,"column":null}},"30":{"start":{"line":52,"column":27},"end":{"line":52,"column":null}},"31":{"start":{"line":53,"column":17},"end":{"line":53,"column":37}},"32":{"start":{"line":54,"column":48},"end":{"line":58,"column":6}},"33":{"start":{"line":59,"column":4},"end":{"line":59,"column":66}},"34":{"start":{"line":51,"column":13},"end":{"line":51,"column":26}},"35":{"start":{"line":62,"column":34},"end":{"line":73,"column":1}},"36":{"start":{"line":63,"column":4},"end":{"line":63,"column":null}},"37":{"start":{"line":63,"column":27},"end":{"line":63,"column":null}},"38":{"start":{"line":64,"column":17},"end":{"line":64,"column":37}},"39":{"start":{"line":65,"column":48},"end":{"line":71,"column":6}},"40":{"start":{"line":72,"column":4},"end":{"line":72,"column":66}},"41":{"start":{"line":62,"column":13},"end":{"line":62,"column":34}},"42":{"start":{"line":75,"column":30},"end":{"line":79,"column":1}},"43":{"start":{"line":76,"column":4},"end":{"line":78,"column":null}},"44":{"start":{"line":75,"column":13},"end":{"line":75,"column":30}},"45":{"start":{"line":82,"column":20},"end":{"line":82,"column":51}},"46":{"start":{"line":84,"column":4},"end":{"line":94,"column":7}},"47":{"start":{"line":85,"column":26},"end":{"line":85,"column":47}},"48":{"start":{"line":86,"column":8},"end":{"line":86,"column":31}},"49":{"start":{"line":86,"column":24},"end":{"line":86,"column":31}},"50":{"start":{"line":88,"column":31},"end":{"line":88,"column":40}},"51":{"start":{"line":90,"column":8},"end":{"line":92,"column":9}},"52":{"start":{"line":91,"column":12},"end":{"line":91,"column":40}},"53":{"start":{"line":93,"column":8},"end":{"line":93,"column":49}},"54":{"start":{"line":96,"column":4},"end":{"line":99,"column":8}},"55":{"start":{"line":96,"column":47},"end":{"line":99,"column":6}},"56":{"start":{"line":103,"column":57},"end":{"line":103,"column":61}},"57":{"start":{"line":106,"column":20},"end":{"line":106,"column":51}},"58":{"start":{"line":108,"column":4},"end":{"line":117,"column":7}},"59":{"start":{"line":109,"column":41},"end":{"line":115,"column":11}},"60":{"start":{"line":109,"column":64},"end":{"line":115,"column":10}},"61":{"start":{"line":116,"column":8},"end":{"line":116,"column":44}},"62":{"start":{"line":120,"column":4},"end":{"line":128,"column":8}},"63":{"start":{"line":120,"column":49},"end":{"line":128,"column":6}}},"fnMap":{"0":{"name":"(anonymous_0)","decl":{"start":{"line":4,"column":28},"end":{"line":4,"column":29}},"loc":{"start":{"line":4,"column":53},"end":{"line":7,"column":1}}},"1":{"name":"transformToVoteDtls","decl":{"start":{"line":9,"column":16},"end":{"line":9,"column":35}},"loc":{"start":{"line":10,"column":79},"end":{"line":49,"column":1}}},"2":{"name":"(anonymous_2)","decl":{"start":{"line":51,"column":26},"end":{"line":51,"column":27}},"loc":{"start":{"line":51,"column":57},"end":{"line":60,"column":1}}},"3":{"name":"(anonymous_3)","decl":{"start":{"line":62,"column":34},"end":{"line":62,"column":35}},"loc":{"start":{"line":62,"column":65},"end":{"line":73,"column":1}}},"4":{"name":"(anonymous_4)","decl":{"start":{"line":75,"column":30},"end":{"line":75,"column":31}},"loc":{"start":{"line":75,"column":62},"end":{"line":79,"column":1}}},"5":{"name":"mergeQuestionsWithVotes","decl":{"start":{"line":81,"column":16},"end":{"line":81,"column":39}},"loc":{"start":{"line":81,"column":79},"end":{"line":100,"column":1}}},"6":{"name":"(anonymous_6)","decl":{"start":{"line":84,"column":49},"end":{"line":84,"column":60}},"loc":{"start":{"line":84,"column":63},"end":{"line":94,"column":5}}},"7":{"name":"(anonymous_7)","decl":{"start":{"line":96,"column":34},"end":{"line":96,"column":42}},"loc":{"start":{"line":96,"column":47},"end":{"line":99,"column":6}}},"8":{"name":"convertToQuestionWithVote","decl":{"start":{"line":102,"column":16},"end":{"line":102,"column":41}},"loc":{"start":{"line":102,"column":66},"end":{"line":129,"column":1}}},"9":{"name":"(anonymous_9)","decl":{"start":{"line":108,"column":34},"end":{"line":108,"column":35}},"loc":{"start":{"line":108,"column":62},"end":{"line":117,"column":5}}},"10":{"name":"(anonymous_10)","decl":{"start":{"line":109,"column":53},"end":{"line":109,"column":59}},"loc":{"start":{"line":109,"column":64},"end":{"line":115,"column":10}}},"11":{"name":"(anonymous_11)","decl":{"start":{"line":120,"column":34},"end":{"line":120,"column":44}},"loc":{"start":{"line":120,"column":49},"end":{"line":128,"column":6}}}},"branchMap":{"0":{"loc":{"start":{"line":20,"column":8},"end":{"line":43,"column":9}},"type":"if","locations":[{"start":{"line":20,"column":8},"end":{"line":43,"column":9}},{"start":{"line":27,"column":15},"end":{"line":43,"column":9}}]},"1":{"loc":{"start":{"line":22,"column":12},"end":{"line":26,"column":13}},"type":"if","locations":[{"start":{"line":22,"column":12},"end":{"line":26,"column":13}},{"start":{"line":24,"column":19},"end":{"line":26,"column":13}}]},"2":{"loc":{"start":{"line":24,"column":19},"end":{"line":26,"column":13}},"type":"if","locations":[{"start":{"line":24,"column":19},"end":{"line":26,"column":13}}]},"3":{"loc":{"start":{"line":27,"column":15},"end":{"line":43,"column":9}},"type":"if","locations":[{"start":{"line":27,"column":15},"end":{"line":43,"column":9}}]},"4":{"loc":{"start":{"line":31,"column":12},"end":{"line":33,"column":13}},"type":"if","locations":[{"start":{"line":31,"column":12},"end":{"line":33,"column":13}}]},"5":{"loc":{"start":{"line":34,"column":12},"end":{"line":36,"column":13}},"type":"if","locations":[{"start":{"line":34,"column":12},"end":{"line":36,"column":13}}]},"6":{"loc":{"start":{"line":37,"column":12},"end":{"line":39,"column":13}},"type":"if","locations":[{"start":{"line":37,"column":12},"end":{"line":39,"column":13}}]},"7":{"loc":{"start":{"line":40,"column":12},"end":{"line":42,"column":13}},"type":"if","locations":[{"start":{"line":40,"column":12},"end":{"line":42,"column":13}}]},"8":{"loc":{"start":{"line":52,"column":4},"end":{"line":52,"column":null}},"type":"if","locations":[{"start":{"line":52,"column":4},"end":{"line":52,"column":null}}]},"9":{"loc":{"start":{"line":63,"column":4},"end":{"line":63,"column":null}},"type":"if","locations":[{"start":{"line":63,"column":4},"end":{"line":63,"column":null}}]},"10":{"loc":{"start":{"line":76,"column":12},"end":{"line":78,"column":17}},"type":"cond-expr","locations":[{"start":{"line":77,"column":6},"end":{"line":77,"column":26}},{"start":{"line":78,"column":6},"end":{"line":78,"column":17}}]},"11":{"loc":{"start":{"line":86,"column":8},"end":{"line":86,"column":31}},"type":"if","locations":[{"start":{"line":86,"column":8},"end":{"line":86,"column":31}}]},"12":{"loc":{"start":{"line":90,"column":8},"end":{"line":92,"column":9}},"type":"if","locations":[{"start":{"line":90,"column":8},"end":{"line":92,"column":9}}]},"13":{"loc":{"start":{"line":98,"column":14},"end":{"line":98,"column":60}},"type":"binary-expr","locations":[{"start":{"line":98,"column":14},"end":{"line":98,"column":47}},{"start":{"line":98,"column":51},"end":{"line":98,"column":60}}]},"14":{"loc":{"start":{"line":111,"column":22},"end":{"line":111,"column":50}},"type":"binary-expr","locations":[{"start":{"line":111,"column":22},"end":{"line":111,"column":37}},{"start":{"line":111,"column":41},"end":{"line":111,"column":50}}]},"15":{"loc":{"start":{"line":112,"column":17},"end":{"line":112,"column":72}},"type":"cond-expr","locations":[{"start":{"line":112,"column":30},"end":{"line":112,"column":54}},{"start":{"line":112,"column":57},"end":{"line":112,"column":72}}]},"16":{"loc":{"start":{"line":113,"column":21},"end":{"line":113,"column":84}},"type":"cond-expr","locations":[{"start":{"line":113,"column":38},"end":{"line":113,"column":66}},{"start":{"line":113,"column":69},"end":{"line":113,"column":84}}]},"17":{"loc":{"start":{"line":114,"column":21},"end":{"line":114,"column":84}},"type":"cond-expr","locations":[{"start":{"line":114,"column":38},"end":{"line":114,"column":66}},{"start":{"line":114,"column":69},"end":{"line":114,"column":84}}]},"18":{"loc":{"start":{"line":122,"column":14},"end":{"line":127,"column":10}},"type":"binary-expr","locations":[{"start":{"line":122,"column":14},"end":{"line":122,"column":49}},{"start":{"line":122,"column":53},"end":{"line":127,"column":10}}]}},"s":{"0":1,"1":1,"2":1,"3":1,"4":1,"5":1,"6":1,"7":3,"8":3,"9":3,"10":3,"11":3,"12":3,"13":2,"14":1,"15":1,"16":1,"17":1,"18":1,"19":1,"20":1,"21":1,"22":1,"23":1,"24":1,"25":1,"26":3,"27":3,"28":1,"29":2,"30":1,"31":1,"32":1,"33":1,"34":1,"35":1,"36":2,"37":1,"38":1,"39":1,"40":1,"41":1,"42":1,"43":2,"44":1,"45":1,"46":1,"47":1,"48":1,"49":0,"50":1,"51":1,"52":1,"53":1,"54":1,"55":2,"56":5,"57":5,"58":5,"59":5,"60":6,"61":5,"62":5,"63":6},"f":{"0":1,"1":3,"2":2,"3":2,"4":2,"5":1,"6":1,"7":2,"8":5,"9":5,"10":6,"11":6},"b":{"0":[2,1],"1":[1,1],"2":[1],"3":[1],"4":[1],"5":[1],"6":[1],"7":[1],"8":[1],"9":[1],"10":[1,1],"11":[0],"12":[1],"13":[2,1],"14":[6,0],"15":[3,3],"16":[3,3],"17":[3,3],"18":[6,1]}}
,"C:\\Users\\Ira\\ElectronicVoting\\src\\utils\\meeting.ts": {"path":"C:\\Users\\Ira\\ElectronicVoting\\src\\utils\\meeting.ts","statementMap":{"0":{"start":{"line":13,"column":27},"end":{"line":21,"column":1}},"1":{"start":{"line":14,"column":4},"end":{"line":16,"column":5}},"2":{"start":{"line":15,"column":8},"end":{"line":15,"column":70}},"3":{"start":{"line":18,"column":20},"end":{"line":18,"column":34}},"4":{"start":{"line":19,"column":4},"end":{"line":19,"column":63}},"5":{"start":{"line":20,"column":4},"end":{"line":20,"column":19}},"6":{"start":{"line":13,"column":13},"end":{"line":13,"column":27}},"7":{"start":{"line":23,"column":33},"end":{"line":28,"column":1}},"8":{"start":{"line":24,"column":29},"end":{"line":24,"column":59}},"9":{"start":{"line":25,"column":16},"end":{"line":25,"column":26}},"10":{"start":{"line":26,"column":4},"end":{"line":26,"column":39}},"11":{"start":{"line":27,"column":4},"end":{"line":27,"column":15}},"12":{"start":{"line":23,"column":13},"end":{"line":23,"column":33}},"13":{"start":{"line":30,"column":47},"end":{"line":68,"column":1}},"14":{"start":{"line":31,"column":20},"end":{"line":31,"column":42}},"15":{"start":{"line":32,"column":21},"end":{"line":32,"column":44}},"16":{"start":{"line":33,"column":24},"end":{"line":33,"column":51}},"17":{"start":{"line":34,"column":25},"end":{"line":34,"column":53}},"18":{"start":{"line":35,"column":25},"end":{"line":35,"column":87}},"19":{"start":{"line":37,"column":4},"end":{"line":67,"column":6}},"20":{"start":{"line":56,"column":78},"end":{"line":62,"column":10}},"21":{"start":{"line":30,"column":13},"end":{"line":30,"column":47}},"22":{"start":{"line":70,"column":41},"end":{"line":75,"column":1}},"23":{"start":{"line":71,"column":4},"end":{"line":74,"column":8}},"24":{"start":{"line":71,"column":37},"end":{"line":74,"column":6}},"25":{"start":{"line":70,"column":13},"end":{"line":70,"column":41}}},"fnMap":{"0":{"name":"(anonymous_0)","decl":{"start":{"line":13,"column":27},"end":{"line":13,"column":28}},"loc":{"start":{"line":13,"column":62},"end":{"line":21,"column":1}}},"1":{"name":"(anonymous_1)","decl":{"start":{"line":23,"column":33},"end":{"line":23,"column":34}},"loc":{"start":{"line":23,"column":59},"end":{"line":28,"column":1}}},"2":{"name":"(anonymous_2)","decl":{"start":{"line":30,"column":47},"end":{"line":30,"column":48}},"loc":{"start":{"line":30,"column":84},"end":{"line":68,"column":1}}},"3":{"name":"(anonymous_3)","decl":{"start":{"line":56,"column":69},"end":{"line":56,"column":73}},"loc":{"start":{"line":56,"column":78},"end":{"line":62,"column":10}}},"4":{"name":"(anonymous_4)","decl":{"start":{"line":70,"column":41},"end":{"line":70,"column":42}},"loc":{"start":{"line":70,"column":81},"end":{"line":75,"column":1}}},"5":{"name":"(anonymous_5)","decl":{"start":{"line":71,"column":25},"end":{"line":71,"column":32}},"loc":{"start":{"line":71,"column":37},"end":{"line":74,"column":6}}}},"branchMap":{"0":{"loc":{"start":{"line":14,"column":4},"end":{"line":16,"column":5}},"type":"if","locations":[{"start":{"line":14,"column":4},"end":{"line":16,"column":5}}]},"1":{"loc":{"start":{"line":35,"column":25},"end":{"line":35,"column":87}},"type":"cond-expr","locations":[{"start":{"line":35,"column":46},"end":{"line":35,"column":74}},{"start":{"line":35,"column":77},"end":{"line":35,"column":87}}]},"2":{"loc":{"start":{"line":45,"column":34},"end":{"line":45,"column":66}},"type":"binary-expr","locations":[{"start":{"line":45,"column":34},"end":{"line":45,"column":57}},{"start":{"line":45,"column":61},"end":{"line":45,"column":66}}]},"3":{"loc":{"start":{"line":54,"column":28},"end":{"line":54,"column":94}},"type":"cond-expr","locations":[{"start":{"line":54,"column":49},"end":{"line":54,"column":89}},{"start":{"line":54,"column":92},"end":{"line":54,"column":94}}]},"4":{"loc":{"start":{"line":61,"column":21},"end":{"line":61,"column":39}},"type":"binary-expr","locations":[{"start":{"line":61,"column":21},"end":{"line":61,"column":33}},{"start":{"line":61,"column":37},"end":{"line":61,"column":39}}]}},"s":{"0":2,"1":17,"2":1,"3":16,"4":16,"5":16,"6":2,"7":2,"8":2,"9":2,"10":2,"11":2,"12":2,"13":2,"14":3,"15":3,"16":3,"17":3,"18":3,"19":3,"20":1,"21":2,"22":2,"23":1,"24":2,"25":2},"f":{"0":17,"1":2,"2":3,"3":1,"4":1,"5":2},"b":{"0":[1],"1":[3,0],"2":[3,0],"3":[3,0],"4":[1,0]}}
}
