TN:
SF:src\auth\auth.tsx
FN:5,(anonymous_1)
FN:25,(anonymous_2)
FN:49,(anonymous_3)
FN:54,(anonymous_4)
FN:58,(anonymous_5)
FN:61,(anonymous_6)
FNF:6
FNH:5
FNDA:2,(anonymous_1)
FNDA:7,(anonymous_2)
FNDA:5,(anonymous_3)
FNDA:2,(anonymous_4)
FNDA:1,(anonymous_5)
FNDA:0,(anonymous_6)
DA:1,1
DA:3,1
DA:5,1
DA:6,2
DA:7,2
DA:9,1
DA:10,1
DA:11,1
DA:12,1
DA:13,1
DA:16,1
DA:18,1
DA:19,1
DA:25,1
DA:26,7
DA:27,7
DA:28,7
DA:29,1
DA:32,6
DA:36,3
DA:37,2
DA:38,2
DA:39,2
DA:41,1
DA:43,4
DA:44,4
DA:45,4
DA:49,1
DA:50,5
DA:54,1
DA:55,2
DA:58,1
DA:59,1
DA:61,1
DA:62,0
DA:63,0
DA:64,0
DA:65,0
DA:68,0
DA:73,1
LF:40
LH:35
BRDA:9,0,0,1
BRDA:9,0,1,0
BRDA:10,1,0,1
BRDA:10,2,0,1
BRDA:10,2,1,1
BRDA:10,2,2,1
BRDA:28,3,0,1
BRDA:36,4,0,2
BRDA:64,5,0,0
BRF:9
BRH:7
end_of_record
TN:
SF:src\components\button\button.tsx
FN:11,(anonymous_1)
FNF:1
FNH:1
FNDA:6,(anonymous_1)
DA:2,1
DA:11,1
DA:12,6
DA:14,6
LF:4
LH:4
BRDA:21,0,0,1
BRDA:21,0,1,5
BRDA:24,1,0,1
BRDA:24,1,1,5
BRF:4
BRH:4
end_of_record
TN:
SF:src\components\input\input.tsx
FN:9,(anonymous_0)
FN:14,(anonymous_1)
FN:20,(anonymous_2)
FNF:3
FNH:3
FNDA:9,(anonymous_0)
FNDA:1,(anonymous_1)
FNDA:6,(anonymous_2)
DA:1,1
DA:9,1
DA:10,9
DA:12,9
DA:14,9
DA:15,1
DA:16,1
DA:17,1
DA:20,9
DA:21,6
DA:24,9
LF:11
LH:11
BRF:0
BRH:0
end_of_record
TN:
SF:src\components\textArea\textArea.tsx
FN:10,(anonymous_0)
FN:15,(anonymous_1)
FNF:2
FNH:2
FNDA:11,(anonymous_0)
FNDA:4,(anonymous_1)
DA:1,1
DA:10,1
DA:11,11
DA:13,11
DA:15,11
DA:16,4
DA:17,4
DA:18,4
DA:21,11
LF:9
LH:9
BRF:0
BRH:0
end_of_record
TN:
SF:src\hooks\useMeetingForm.ts
FN:10,(anonymous_0)
FN:34,(anonymous_1)
FN:35,(anonymous_2)
FN:41,(anonymous_3)
FN:42,(anonymous_4)
FN:59,(anonymous_5)
FN:85,(anonymous_6)
FN:89,(anonymous_7)
FN:90,(anonymous_8)
FN:93,(anonymous_9)
FN:99,(anonymous_10)
FN:105,(anonymous_11)
FN:106,(anonymous_12)
FN:115,(anonymous_13)
FNF:14
FNH:12
FNDA:24,(anonymous_0)
FNDA:7,(anonymous_1)
FNDA:7,(anonymous_2)
FNDA:3,(anonymous_3)
FNDA:15,(anonymous_4)
FNDA:0,(anonymous_5)
FNDA:3,(anonymous_6)
FNDA:1,(anonymous_7)
FNDA:0,(anonymous_8)
FNDA:1,(anonymous_9)
FNDA:1,(anonymous_10)
FNDA:13,(anonymous_11)
FNDA:13,(anonymous_12)
FNDA:13,(anonymous_13)
DA:1,1
DA:2,1
DA:5,1
DA:7,1
DA:8,1
DA:10,1
DA:11,24
DA:31,24
DA:32,24
DA:34,24
DA:35,7
DA:41,24
DA:42,3
DA:43,15
DA:45,3
DA:46,3
DA:59,0
DA:73,3
DA:74,1
DA:76,2
DA:79,2
DA:81,1
DA:85,24
DA:86,3
DA:89,24
DA:90,1
DA:93,24
DA:94,1
DA:95,1
DA:96,1
DA:99,24
DA:100,1
DA:101,1
DA:102,1
DA:105,24
DA:106,13
DA:107,13
DA:108,13
DA:109,12
DA:111,1
DA:115,13
DA:116,13
DA:117,3
DA:118,3
DA:119,2
DA:120,2
DA:122,1
DA:127,13
DA:128,13
DA:131,24
LF:50
LH:49
BRDA:43,0,0,0
BRDA:43,0,1,15
BRDA:68,1,0,3
BRDA:68,1,1,3
BRDA:69,2,0,3
BRDA:69,2,1,3
BRDA:70,3,0,3
BRDA:70,3,1,3
BRDA:73,4,0,1
BRDA:73,4,1,2
BRDA:116,5,0,3
BRDA:116,6,0,13
BRDA:116,6,1,3
BRF:13
BRH:12
end_of_record
TN:
SF:src\requests\requests.ts
FN:9,(anonymous_1)
FN:19,(anonymous_2)
FN:29,(anonymous_3)
FN:38,(anonymous_4)
FN:47,(anonymous_5)
FN:56,(anonymous_6)
FN:71,(anonymous_7)
FN:80,(anonymous_8)
FN:95,(anonymous_9)
FN:110,(anonymous_10)
FN:119,(anonymous_11)
FN:131,(anonymous_12)
FN:149,(anonymous_13)
FN:163,(anonymous_14)
FN:172,(anonymous_15)
FNF:15
FNH:15
FNDA:2,(anonymous_1)
FNDA:1,(anonymous_2)
FNDA:1,(anonymous_3)
FNDA:1,(anonymous_4)
FNDA:1,(anonymous_5)
FNDA:2,(anonymous_6)
FNDA:1,(anonymous_7)
FNDA:1,(anonymous_8)
FNDA:1,(anonymous_9)
FNDA:1,(anonymous_10)
FNDA:1,(anonymous_11)
FNDA:1,(anonymous_12)
FNDA:1,(anonymous_13)
FNDA:1,(anonymous_14)
FNDA:2,(anonymous_15)
DA:1,1
DA:5,1
DA:7,1
DA:9,1
DA:10,2
DA:16,1
DA:19,1
DA:20,1
DA:26,1
DA:29,1
DA:30,1
DA:35,1
DA:38,1
DA:39,1
DA:44,1
DA:47,1
DA:48,1
DA:53,1
DA:56,1
DA:57,2
DA:58,2
DA:64,1
DA:66,1
DA:67,1
DA:71,1
DA:72,1
DA:77,1
DA:80,1
DA:81,1
DA:82,1
DA:88,1
DA:90,0
DA:91,0
DA:95,1
DA:96,1
DA:97,1
DA:103,1
DA:105,0
DA:106,0
DA:110,1
DA:111,1
DA:116,1
DA:119,1
DA:120,1
DA:131,1
DA:132,1
DA:133,1
DA:142,1
DA:144,0
DA:145,0
DA:149,1
DA:150,1
DA:159,1
DA:163,1
DA:164,1
DA:169,1
DA:172,1
DA:173,2
DA:174,2
DA:179,0
DA:181,2
LF:61
LH:54
BRF:0
BRH:0
end_of_record
TN:
SF:src\utils\excelGenerator.ts
FN:4,(anonymous_1)
FN:53,(anonymous_2)
FN:71,(anonymous_3)
FN:72,(anonymous_4)
FNF:4
FNH:2
FNDA:6,(anonymous_1)
FNDA:3,(anonymous_2)
FNDA:0,(anonymous_3)
FNDA:0,(anonymous_4)
DA:1,1
DA:4,1
DA:5,6
DA:6,5
DA:9,5
DA:16,5
DA:18,5
DA:20,5
DA:21,5
DA:22,5
DA:23,5
DA:24,5
DA:25,5
DA:26,5
DA:29,5
DA:30,5
DA:31,5
DA:32,5
DA:33,4
DA:34,4
DA:35,4
DA:37,5
DA:40,5
DA:42,5
DA:44,2
DA:45,2
DA:46,2
DA:47,2
DA:48,2
DA:49,2
DA:50,2
DA:53,2
DA:54,3
DA:55,3
DA:56,3
DA:57,3
DA:58,3
DA:59,3
DA:60,3
DA:62,3
DA:67,5
DA:71,5
DA:72,0
DA:73,0
DA:79,0
DA:83,0
DA:84,0
DA:88,5
DA:89,5
DA:90,5
DA:91,5
DA:92,5
DA:93,5
DA:94,5
DA:95,5
LF:55
LH:50
BRDA:32,0,0,4
BRDA:33,1,0,4
BRDA:33,1,1,1
BRDA:34,2,0,4
BRDA:34,2,1,2
BRDA:35,3,0,4
BRDA:35,3,1,2
BRDA:42,4,0,2
BRDA:57,5,0,3
BRDA:58,6,0,3
BRDA:58,6,1,0
BRDA:59,7,0,3
BRDA:59,7,1,0
BRDA:60,8,0,3
BRDA:60,8,1,0
BRF:15
BRH:12
end_of_record
TN:
SF:src\utils\functions.ts
FN:4,(anonymous_0)
FN:9,transformToVoteDtls
FN:51,(anonymous_2)
FN:62,(anonymous_3)
FN:75,(anonymous_4)
FN:81,mergeQuestionsWithVotes
FN:84,(anonymous_6)
FN:96,(anonymous_7)
FN:102,convertToQuestionWithVote
FN:108,(anonymous_9)
FN:109,(anonymous_10)
FN:120,(anonymous_11)
FNF:12
FNH:12
FNDA:1,(anonymous_0)
FNDA:3,transformToVoteDtls
FNDA:2,(anonymous_2)
FNDA:2,(anonymous_3)
FNDA:2,(anonymous_4)
FNDA:1,mergeQuestionsWithVotes
FNDA:1,(anonymous_6)
FNDA:2,(anonymous_7)
FNDA:5,convertToQuestionWithVote
FNDA:5,(anonymous_9)
FNDA:6,(anonymous_10)
FNDA:6,(anonymous_11)
DA:4,1
DA:5,1
DA:6,1
DA:9,1
DA:12,3
DA:14,3
DA:15,3
DA:16,3
DA:18,3
DA:20,3
DA:22,2
DA:24,1
DA:25,1
DA:27,1
DA:29,1
DA:31,1
DA:32,1
DA:34,1
DA:35,1
DA:37,1
DA:38,1
DA:40,1
DA:41,1
DA:45,3
DA:48,3
DA:51,1
DA:52,2
DA:53,1
DA:54,1
DA:59,1
DA:62,1
DA:63,2
DA:64,1
DA:65,1
DA:72,1
DA:75,1
DA:76,2
DA:81,1
DA:82,1
DA:84,1
DA:85,1
DA:86,1
DA:88,1
DA:90,1
DA:91,1
DA:93,1
DA:96,2
DA:102,1
DA:103,5
DA:106,5
DA:108,5
DA:109,6
DA:116,5
DA:120,6
LF:54
LH:54
BRDA:20,0,0,2
BRDA:20,0,1,1
BRDA:22,1,0,1
BRDA:22,1,1,1
BRDA:24,2,0,1
BRDA:27,3,0,1
BRDA:31,4,0,1
BRDA:34,5,0,1
BRDA:37,6,0,1
BRDA:40,7,0,1
BRDA:52,8,0,1
BRDA:63,9,0,1
BRDA:76,10,0,1
BRDA:76,10,1,1
BRDA:86,11,0,0
BRDA:90,12,0,1
BRDA:98,13,0,2
BRDA:98,13,1,1
BRDA:111,14,0,6
BRDA:111,14,1,0
BRDA:112,15,0,3
BRDA:112,15,1,3
BRDA:113,16,0,3
BRDA:113,16,1,3
BRDA:114,17,0,3
BRDA:114,17,1,3
BRDA:122,18,0,6
BRDA:122,18,1,1
BRF:28
BRH:26
end_of_record
TN:
SF:src\utils\meeting.ts
FN:13,(anonymous_0)
FN:23,(anonymous_1)
FN:30,(anonymous_2)
FN:56,(anonymous_3)
FN:70,(anonymous_4)
FN:71,(anonymous_5)
FNF:6
FNH:6
FNDA:17,(anonymous_0)
FNDA:2,(anonymous_1)
FNDA:3,(anonymous_2)
FNDA:1,(anonymous_3)
FNDA:1,(anonymous_4)
FNDA:2,(anonymous_5)
DA:13,2
DA:14,17
DA:15,1
DA:18,16
DA:19,16
DA:20,16
DA:23,2
DA:24,2
DA:25,2
DA:26,2
DA:27,2
DA:30,2
DA:31,3
DA:32,3
DA:33,3
DA:34,3
DA:35,3
DA:37,3
DA:56,1
DA:70,2
DA:71,2
LF:21
LH:21
BRDA:14,0,0,1
BRDA:35,1,0,3
BRDA:35,1,1,0
BRDA:45,2,0,3
BRDA:45,2,1,0
BRDA:54,3,0,3
BRDA:54,3,1,0
BRDA:61,4,0,1
BRDA:61,4,1,0
BRF:9
BRH:5
end_of_record
